生成启动时间为 2018/12/25 10:07:56。
     1>项目“E:\github\fish\lib\3rd\libev\build\libev.vcxproj”在节点 2 上(Build 个目标)。
     1>ClCompile:
         D:\Microsoft Visual Studio 12.0\VC\bin\CL.exe /c /IE:\github\fish\lib\3rd\libev /Zi /nologo /W4 /WX- /Od /Ob0 /Oy- /D WIN32 /D STRICT /D WIN32_LEAN_AND_MEAN /D "CMAKE_INTDIR=\"Debug\"" /D libev_EXPORTS /D _WINDLL /D _MBCS /Gm- /RTC1 /MDd /GS /fp:precise /Zc:wchar_t /Zc:forScope /Fo"libev.dir\Debug\\" /Fd"libev.dir\Debug\vc120.pdb" /Gd /TC /wd4251 /wd4275 /wd4702 /analyze- /errorReport:prompt  -J E:\github\fish\lib\3rd\libev\ev.c
         ev.c
     1>E:\github\fish\lib\3rd\libev\ev.c(205): warning C4005: “WIN32_LEAN_AND_MEAN”: 宏重定义
                 命令行参数: 参见前面的“WIN32_LEAN_AND_MEAN”定义
     1>E:\github\fish\lib\3rd\libev\ev.c(969): warning C4244: “函数”: 从“uint64_t”转换到“uint32_t”，可能丢失数据
     1>E:\github\fish\lib\3rd\libev\ev.c(1017): warning C4244: “函数”: 从“uint64_t”转换到“uint32_t”，可能丢失数据
     1>E:\github\fish\lib\3rd\libev\ev.c(1031): warning C4244: “return”: 从“unsigned int”转换到“uint8_t”，可能丢失数据
     1>E:\github\fish\lib\3rd\libev\ev.c(1063): warning C4244: “函数”: 从“uint64_t”转换到“uint32_t”，可能丢失数据
     1>E:\github\fish\lib\3rd\libev\ev.c(1252): warning C4244: “return”: 从“unsigned int”转换到“uint16_t”，可能丢失数据
     1>E:\github\fish\lib\3rd\libev\ev.c(1257): warning C4244: “return”: 从“unsigned int”转换到“uint16_t”，可能丢失数据
     1>E:\github\fish\lib\3rd\libev\ev.c(1264): warning C4244: “return”: 从“unsigned int”转换到“uint16_t”，可能丢失数据
     1>E:\github\fish\lib\3rd\libev\ev.c(1270): warning C4244: “return”: 从“unsigned int”转换到“uint16_t”，可能丢失数据
     1>E:\github\fish\lib\3rd\libev\ev.c(1284): warning C4244: “return”: 从“unsigned int”转换到“uint16_t”，可能丢失数据
     1>E:\github\fish\lib\3rd\libev\ev.c(1290): warning C4244: “return”: 从“unsigned int”转换到“uint16_t”，可能丢失数据
     1>e:\github\fish\lib\3rd\libev\ev_win32.c(67): warning C4245: “初始化”: 从“int”转换到“SOCKET”，有符号/无符号不匹配
     1>E:\github\fish\lib\3rd\libev\ev.c(1946): error C2059: 语法错误:“类型”
     1>E:\github\fish\lib\3rd\libev\ev.c(1996): warning C4013: “array_realloc”未定义；假设外部返回 int
     1>E:\github\fish\lib\3rd\libev\ev.c(2420): warning C4127: 条件表达式是常量
     1>E:\github\fish\lib\3rd\libev\ev.c(2462): warning C4133: “=”: 从“WSABUF *”到“CHAR *”的类型不兼容
     1>e:\github\fish\lib\3rd\libev\ev_select.c(147): warning C4127: 条件表达式是常量
     1>e:\github\fish\lib\3rd\libev\ev_select.c(200): warning C4244: “初始化”: 从“ev_tstamp”转换到“unsigned long”，可能丢失数据
     1>E:\github\fish\lib\3rd\libev\ev.c(2725): warning C4127: 条件表达式是常量
     1>E:\github\fish\lib\3rd\libev\ev.c(2726): warning C4127: 条件表达式是常量
     1>E:\github\fish\lib\3rd\libev\ev.c(2727): warning C4127: 条件表达式是常量
     1>E:\github\fish\lib\3rd\libev\ev.c(2728): warning C4127: 条件表达式是常量
     1>E:\github\fish\lib\3rd\libev\ev.c(2729): warning C4127: 条件表达式是常量
     1>E:\github\fish\lib\3rd\libev\ev.c(2913): warning C4127: 条件表达式是常量
     1>E:\github\fish\lib\3rd\libev\ev.c(2916): warning C4127: 条件表达式是常量
     1>E:\github\fish\lib\3rd\libev\ev.c(3289): warning C4127: 条件表达式是常量
     1>E:\github\fish\lib\3rd\libev\ev.c(3323): warning C4127: 条件表达式是常量
     1>E:\github\fish\lib\3rd\libev\ev.c(3348): warning C4127: 条件表达式是常量
     1>E:\github\fish\lib\3rd\libev\ev.c(3387): warning C4127: 条件表达式是常量
     1>E:\github\fish\lib\3rd\libev\ev.c(3416): warning C4127: 条件表达式是常量
     1>E:\github\fish\lib\3rd\libev\ev.c(3839): warning C4127: 条件表达式是常量
     1>E:\github\fish\lib\3rd\libev\ev.c(3851): warning C4127: 条件表达式是常量
     1>E:\github\fish\lib\3rd\libev\ev.c(3863): warning C4127: 条件表达式是常量
     1>E:\github\fish\lib\3rd\libev\ev.c(3870): warning C4127: 条件表达式是常量
     1>E:\github\fish\lib\3rd\libev\ev.c(3883): warning C4127: 条件表达式是常量
     1>E:\github\fish\lib\3rd\libev\ev.c(3892): warning C4127: 条件表达式是常量
     1>E:\github\fish\lib\3rd\libev\ev.c(3904): warning C4127: 条件表达式是常量
     1>E:\github\fish\lib\3rd\libev\ev.c(3924): warning C4127: 条件表达式是常量
     1>E:\github\fish\lib\3rd\libev\ev.c(3930): warning C4127: 条件表达式是常量
     1>E:\github\fish\lib\3rd\libev\ev.c(3951): warning C4127: 条件表达式是常量
     1>E:\github\fish\lib\3rd\libev\ev.c(3977): warning C4127: 条件表达式是常量
     1>E:\github\fish\lib\3rd\libev\ev.c(3986): warning C4127: 条件表达式是常量
     1>E:\github\fish\lib\3rd\libev\ev.c(3998): warning C4127: 条件表达式是常量
     1>E:\github\fish\lib\3rd\libev\ev.c(4016): warning C4127: 条件表达式是常量
     1>E:\github\fish\lib\3rd\libev\ev.c(4050): warning C4127: 条件表达式是常量
     1>E:\github\fish\lib\3rd\libev\ev.c(4113): warning C4127: 条件表达式是常量
     1>E:\github\fish\lib\3rd\libev\ev.c(4123): warning C4127: 条件表达式是常量
     1>E:\github\fish\lib\3rd\libev\ev.c(4150): warning C4127: 条件表达式是常量
     1>E:\github\fish\lib\3rd\libev\ev.c(4505): warning C4127: 条件表达式是常量
     1>E:\github\fish\lib\3rd\libev\ev.c(4522): warning C4127: 条件表达式是常量
     1>E:\github\fish\lib\3rd\libev\ev.c(4532): warning C4127: 条件表达式是常量
     1>E:\github\fish\lib\3rd\libev\ev.c(4546): warning C4127: 条件表达式是常量
     1>E:\github\fish\lib\3rd\libev\ev.c(4559): warning C4127: 条件表达式是常量
     1>E:\github\fish\lib\3rd\libev\ev.c(4571): warning C4127: 条件表达式是常量
     1>E:\github\fish\lib\3rd\libev\ev.c(4581): warning C4127: 条件表达式是常量
     1>E:\github\fish\lib\3rd\libev\ev.c(4593): warning C4127: 条件表达式是常量
     1>E:\github\fish\lib\3rd\libev\ev.c(4604): warning C4127: 条件表达式是常量
     1>E:\github\fish\lib\3rd\libev\ev.c(4610): warning C4127: 条件表达式是常量
     1>E:\github\fish\lib\3rd\libev\ev.c(4620): warning C4127: 条件表达式是常量
     1>E:\github\fish\lib\3rd\libev\ev.c(4631): warning C4127: 条件表达式是常量
     1>E:\github\fish\lib\3rd\libev\ev.c(4642): warning C4127: 条件表达式是常量
     1>E:\github\fish\lib\3rd\libev\ev.c(4648): warning C4127: 条件表达式是常量
     1>E:\github\fish\lib\3rd\libev\ev.c(4658): warning C4127: 条件表达式是常量
     1>E:\github\fish\lib\3rd\libev\ev.c(4669): warning C4127: 条件表达式是常量
     1>E:\github\fish\lib\3rd\libev\ev.c(4741): warning C4127: 条件表达式是常量
     1>E:\github\fish\lib\3rd\libev\ev.c(4744): warning C4127: 条件表达式是常量
     1>E:\github\fish\lib\3rd\libev\ev.c(4749): warning C4127: 条件表达式是常量
     1>E:\github\fish\lib\3rd\libev\ev.c(4753): warning C4127: 条件表达式是常量
     1>E:\github\fish\lib\3rd\libev\ev.c(4760): warning C4127: 条件表达式是常量
     1>E:\github\fish\lib\3rd\libev\ev.c(4770): warning C4127: 条件表达式是常量
     1>E:\github\fish\lib\3rd\libev\ev.c(4778): warning C4127: 条件表达式是常量
     1>E:\github\fish\lib\3rd\libev\ev.c(4789): warning C4127: 条件表达式是常量
     1>E:\github\fish\lib\3rd\libev\ev.c(4795): warning C4127: 条件表达式是常量
     1>E:\github\fish\lib\3rd\libev\ev.c(4805): warning C4127: 条件表达式是常量
     1>E:\github\fish\lib\3rd\libev\ev.c(4816): warning C4127: 条件表达式是常量
     1>E:\github\fish\lib\3rd\libev\ev.c(4827): warning C4127: 条件表达式是常量
     1>E:\github\fish\lib\3rd\libev\ev.c(4835): warning C4127: 条件表达式是常量
     1>E:\github\fish\lib\3rd\libev\ev.c(4845): warning C4127: 条件表达式是常量
     1>E:\github\fish\lib\3rd\libev\ev.c(4857): warning C4127: 条件表达式是常量
     1>E:\github\fish\lib\3rd\libev\ev.c(4872): warning C4127: 条件表达式是常量
     1>E:\github\fish\lib\3rd\libev\ev.c(4878): warning C4127: 条件表达式是常量
     1>E:\github\fish\lib\3rd\libev\ev.c(4888): warning C4127: 条件表达式是常量
     1>E:\github\fish\lib\3rd\libev\ev.c(4899): warning C4127: 条件表达式是常量
     1>E:\github\fish\lib\3rd\libev\ev.c(4963): warning C4127: 条件表达式是常量
     1>E:\github\fish\lib\3rd\libev\ev.c(4966): warning C4127: 条件表达式是常量
     1>E:\github\fish\lib\3rd\libev\ev.c(4970): warning C4127: 条件表达式是常量
     1>E:\github\fish\lib\3rd\libev\ev.c(4973): warning C4127: 条件表达式是常量
     1>已完成生成项目“E:\github\fish\lib\3rd\libev\build\libev.vcxproj”(Build 个目标)的操作 - 失败。

生成失败。

已用时间 00:00:00.32
