@LoggerApp.cpp:12: LoggerApp start
@lualib/LuaFish.cpp:78: do file:server.lua error:cannot open server.lua: No such file or directory
@ServerApp.cpp:43: serverInit error:attempt to call a nil value
stack traceback:
@ServerApp.cpp:81: serverUpdate error:attempt to call a nil value
stack traceback:
@ServerApp.cpp:81: serverUpdate error:attempt to call a nil value
stack traceback:
@ServerApp.cpp:81: serverUpdate error:attempt to call a nil value
stack traceback:
@ServerApp.cpp:81: serverUpdate error:attempt to call a nil value
stack traceback:
@ServerApp.cpp:81: serverUpdate error:attempt to call a nil value
stack traceback:
@ServerApp.cpp:81: serverUpdate error:attempt to call a nil value
stack traceback:
@ServerApp.cpp:81: serverUpdate error:attempt to call a nil value
stack traceback:
@ServerApp.cpp:81: serverUpdate error:attempt to call a nil value
stack traceback:
@ServerApp.cpp:81: serverUpdate error:attempt to call a nil value
stack traceback:
@ServerApp.cpp:81: serverUpdate error:attempt to call a nil value
stack traceback:
@ServerApp.cpp:81: serverUpdate error:attempt to call a nil value
stack traceback:
@ServerApp.cpp:81: serverUpdate error:attempt to call a nil value
stack traceback:
@ServerApp.cpp:81: serverUpdate error:attempt to call a nil value
stack traceback:
@ServerApp.cpp:81: serverUpdate error:attempt to call a nil value
stack traceback:
@ServerApp.cpp:81: serverUpdate error:attempt to call a nil value
stack traceback:
@ServerApp.cpp:81: serverUpdate error:attempt to call a nil value
stack traceback:
@ServerApp.cpp:81: serverUpdate error:attempt to call a nil value
stack traceback:
@ServerApp.cpp:81: serverUpdate error:attempt to call a nil value
stack traceback:
@ServerApp.cpp:81: serverUpdate error:attempt to call a nil value
stack traceback:
@ServerApp.cpp:81: serverUpdate error:attempt to call a nil value
stack traceback:
@ServerApp.cpp:81: serverUpdate error:attempt to call a nil value
stack traceback:
@ServerApp.cpp:81: serverUpdate error:attempt to call a nil value
stack traceback:
@ServerApp.cpp:81: serverUpdate error:attempt to call a nil value
stack traceback:
@ServerApp.cpp:81: serverUpdate error:attempt to call a nil value
stack traceback:
@ServerApp.cpp:81: serverUpdate error:attempt to call a nil value
stack traceback:
@ServerApp.cpp:81: serverUpdate error:attempt to call a nil value
stack traceback:
@ServerApp.cpp:81: serverUpdate error:attempt to call a nil value
stack traceback:
@ServerApp.cpp:81: serverUpdate error:attempt to call a nil value
stack traceback:
@ServerApp.cpp:81: serverUpdate error:attempt to call a nil value
stack traceback:
@ServerApp.cpp:81: serverUpdate error:attempt to call a nil value
stack traceback:
@ServerApp.cpp:81: serverUpdate error:attempt to call a nil value
stack traceback:
@ServerApp.cpp:81: serverUpdate error:attempt to call a nil value
stack traceback:
@ServerApp.cpp:81: serverUpdate error:attempt to call a nil value
stack traceback:
@ServerApp.cpp:81: serverUpdate error:attempt to call a nil value
stack traceback:
@ServerApp.cpp:81: serverUpdate error:attempt to call a nil value
stack traceback:
@ServerApp.cpp:81: serverUpdate error:attempt to call a nil value
stack traceback:
@ServerApp.cpp:81: serverUpdate error:attempt to call a nil value
stack traceback:
@ServerApp.cpp:81: serverUpdate error:attempt to call a nil value
stack traceback:
@ServerApp.cpp:81: serverUpdate error:attempt to call a nil value
stack traceback:
@ServerApp.cpp:81: serverUpdate error:attempt to call a nil value
stack traceback:
@ServerApp.cpp:81: serverUpdate error:attempt to call a nil value
stack traceback:
@ServerApp.cpp:81: serverUpdate error:attempt to call a nil value
stack traceback:
@ServerApp.cpp:81: serverUpdate error:attempt to call a nil value
stack traceback:
@ServerApp.cpp:81: serverUpdate error:attempt to call a nil value
stack traceback:
@ServerApp.cpp:81: serverUpdate error:attempt to call a nil value
stack traceback:
@ServerApp.cpp:81: serverUpdate error:attempt to call a nil value
stack traceback:
@ServerApp.cpp:81: serverUpdate error:attempt to call a nil val